
> @chat-sdk-expo/tools@0.1.0 build /Users/dustindoan/Dev/personal/scratch/2026jan18/ai-chat-app/packages/tools
> tsup

CLI Building entry: src/index.ts
CLI Using tsconfig: tsconfig.json
CLI tsup v8.5.1
CLI Using tsup config: /Users/dustindoan/Dev/personal/scratch/2026jan18/ai-chat-app/packages/tools/tsup.config.ts
CLI Target: es2020
CLI Cleaning output folder
CJS Build start
ESM Build start
CJS dist/index.js     12.62 KB
CJS dist/index.js.map 27.89 KB
CJS ⚡️ Build success in 11ms
ESM dist/index.mjs     10.79 KB
ESM dist/index.mjs.map 26.17 KB
ESM ⚡️ Build success in 11ms
DTS Build start
DTS ⚡️ Build success in 631ms
DTS dist/index.d.ts  7.99 KB
DTS dist/index.d.mts 7.99 KB
