
> @chat-sdk-expo/db-drizzle-postgres@0.1.0 build /Users/dustindoan/Dev/personal/scratch/2026jan18/ai-chat-app/packages/db-drizzle-postgres
> tsup

CLI Building entry: src/index.ts, src/schema.ts
CLI Using tsconfig: tsconfig.json
CLI tsup v8.5.1
CLI Using tsup config: /Users/dustindoan/Dev/personal/scratch/2026jan18/ai-chat-app/packages/db-drizzle-postgres/tsup.config.ts
CLI Target: es2020
CLI Cleaning output folder
CJS Build start
ESM Build start
CJS dist/index.js      17.64 KB
CJS dist/schema.js     6.26 KB
CJS dist/index.js.map  32.99 KB
CJS dist/schema.js.map 9.01 KB
CJS ⚡️ Build success in 10ms
ESM dist/index.mjs      14.07 KB
ESM dist/schema.mjs     3.88 KB
ESM dist/index.mjs.map  31.98 KB
ESM dist/schema.mjs.map 8.95 KB
ESM ⚡️ Build success in 10ms
DTS Build start
DTS ⚡️ Build success in 761ms
DTS dist/index.d.ts            976.00 B
DTS dist/schema.d.ts           322.00 B
DTS dist/schema-D7oYw-nh.d.ts  33.86 KB
DTS dist/index.d.mts           978.00 B
DTS dist/schema.d.mts          323.00 B
DTS dist/schema-D7oYw-nh.d.mts 33.86 KB
